1649931851447	geckodriver	INFO	Listening on 127.0.0.1:51487
1649931854514	mozrunner::runner	INFO	Running command: "C:\\Program Files\\Mozilla Firefox\\firefox.exe" "--marionette" "--remote-debugging-port" "51488" "--remote-allow-hosts" "localhost" "-no-remote" "-profile" "C:\\Users\\itzia\\AppData\\Local\\Temp\\rust_mozprofile3ybbeY"
1649931855281	Marionette	INFO	Marionette enabled
console.warn: SearchSettings: "get: No settings file exists, new profile?" (new NotFoundError("Could not open the file at C:\\Users\\itzia\\AppData\\Local\\Temp\\rust_mozprofile3ybbeY\\search.json.mozlz4", (void 0)))
DevTools listening on ws://localhost:51488/devtools/browser/23d80ebe-90f4-4f3e-99b9-eecef9a2defa
1649931857830	Marionette	INFO	Listening on port 51495
1649931858208	Marionette	WARN	TLS certificate errors will be ignored for this session
1649931860465	Marionette	INFO	Stopped listening on port 51495
!!! error running onStopped callback: TypeError: callback is not a function

###!!! [Child][RunMessage] Error: Channel closing: too late to send/recv, messages will be lost

JavaScript error: resource://gre/modules/AsyncShutdown.jsm, line 718: Error: Phase "profile-before-change" is finished, it is too late to register completion condition "UpdateManager: writing update xml data"
JavaScript error: resource://gre/modules/UpdateService.jsm, line 5532: NS_ERROR_XPC_JAVASCRIPT_ERROR_WITH_DETAILS: [JavaScript Error: "Phase "profile-before-change" is finished, it is too late to register completion condition "UpdateManager: writing update xml data"" {file: "resource://gre/modules/AsyncShutdown.jsm" line: 718}]'[JavaScript Error: "Phase "profile-before-change" is finished, it is too late to register completion condition "UpdateManager: writing update xml data"" {file: "resource://gre/modules/AsyncShutdown.jsm" line: 718}]' when calling method: [nsIUpdateManager::saveUpdates]
1649931861499	RemoteAgent	ERROR	unable to stop listener: [Exception... "Component returned failure code: 0x8000ffff (NS_ERROR_UNEXPECTED) [nsIWindowMediator.getEnumerator]"  nsresult: "0x8000ffff (NS_ERROR_UNEXPECTED)"  location: "JS frame :: chrome://remote/content/cdp/observers/TargetObserver.jsm :: stop :: line 64"  data: no] Stack trace: stop()@TargetObserver.jsm:64
unwatchForTabs()@TargetList.jsm:70
unwatchForTargets()@TargetList.jsm:37
destructor()@TargetList.jsm:109
close()@RemoteAgent.jsm:129
1649933373482	geckodriver	INFO	Listening on 127.0.0.1:59457
1649933376547	mozrunner::runner	INFO	Running command: "C:\\Program Files\\Mozilla Firefox\\firefox.exe" "--marionette" "--remote-debugging-port" "59458" "--remote-allow-hosts" "localhost" "-no-remote" "-profile" "C:\\Users\\itzia\\AppData\\Local\\Temp\\rust_mozprofileBtLJpq"
1649933377078	Marionette	INFO	Marionette enabled
console.warn: SearchSettings: "get: No settings file exists, new profile?" (new NotFoundError("Could not open the file at C:\\Users\\itzia\\AppData\\Local\\Temp\\rust_mozprofileBtLJpq\\search.json.mozlz4", (void 0)))
DevTools listening on ws://localhost:59458/devtools/browser/6d9c123c-05a4-41c6-be8b-fae545cc9fe8
1649933379632	Marionette	INFO	Listening on port 59465
1649933379742	Marionette	WARN	TLS certificate errors will be ignored for this session
1649933384872	Marionette	INFO	Stopped listening on port 59465
[Parent 1604, IPC I/O Parent] WARNING: file /builds/worker/checkouts/gecko/ipc/chromium/src/base/process_util_win.cc:167
!!! error running onStopped callback: TypeError: callback is not a function

###!!! [Child][RunMessage] Error: Channel closing: too late to send/recv, messages will be lost

1649933385827	RemoteAgent	ERROR	unable to stop listener: [Exception... "Component returned failure code: 0x8000ffff (NS_ERROR_UNEXPECTED) [nsIWindowMediator.getEnumerator]"  nsresult: "0x8000ffff (NS_ERROR_UNEXPECTED)"  location: "JS frame :: chrome://remote/content/cdp/observers/TargetObserver.jsm :: stop :: line 64"  data: no] Stack trace: stop()@TargetObserver.jsm:64
unwatchForTabs()@TargetList.jsm:70
unwatchForTargets()@TargetList.jsm:37
destructor()@TargetList.jsm:109
close()@RemoteAgent.jsm:129
1649933432670	geckodriver	INFO	Listening on 127.0.0.1:49254
1649933435748	mozrunner::runner	INFO	Running command: "C:\\Program Files\\Mozilla Firefox\\firefox.exe" "--marionette" "--remote-debugging-port" "49255" "--remote-allow-hosts" "localhost" "-no-remote" "-profile" "C:\\Users\\itzia\\AppData\\Local\\Temp\\rust_mozprofileSQoYDv"
1649933436056	Marionette	INFO	Marionette enabled
console.warn: SearchSettings: "get: No settings file exists, new profile?" (new NotFoundError("Could not open the file at C:\\Users\\itzia\\AppData\\Local\\Temp\\rust_mozprofileSQoYDv\\search.json.mozlz4", (void 0)))
DevTools listening on ws://localhost:49255/devtools/browser/dbcb9763-22c1-4503-bbd2-2e73eaddbeaf
1649933438339	Marionette	INFO	Listening on port 49261
1649933438419	Marionette	WARN	TLS certificate errors will be ignored for this session
!!! error running onStopped callback: TypeError: callback is not a function

###!!! [Child][RunMessage] Error: Channel closing: too late to send/recv, messages will be lost


###!!! [Child][RunMessage] Error: Channel closing: too late to send/recv, messages will be lost

1649933522484	Marionette	INFO	Stopped listening on port 49261

###!!! [Child][RunMessage] Error: Channel closing: too late to send/recv, messages will be lost

1649933522786	RemoteAgent	ERROR	unable to stop listener: [Exception... "Component returned failure code: 0x8000ffff (NS_ERROR_UNEXPECTED) [nsIWindowMediator.getEnumerator]"  nsresult: "0x8000ffff (NS_ERROR_UNEXPECTED)"  location: "JS frame :: chrome://remote/content/cdp/observers/TargetObserver.jsm :: stop :: line 64"  data: no] Stack trace: stop()@TargetObserver.jsm:64
unwatchForTabs()@TargetList.jsm:70
unwatchForTargets()@TargetList.jsm:37
destructor()@TargetList.jsm:109
close()@RemoteAgent.jsm:129
1649933529660	geckodriver	INFO	Listening on 127.0.0.1:58085
1649933532735	mozrunner::runner	INFO	Running command: "C:\\Program Files\\Mozilla Firefox\\firefox.exe" "--marionette" "--remote-debugging-port" "58086" "--remote-allow-hosts" "localhost" "-no-remote" "-profile" "C:\\Users\\itzia\\AppData\\Local\\Temp\\rust_mozprofileFTIeVi"
1649933533094	Marionette	INFO	Marionette enabled
console.warn: SearchSettings: "get: No settings file exists, new profile?" (new NotFoundError("Could not open the file at C:\\Users\\itzia\\AppData\\Local\\Temp\\rust_mozprofileFTIeVi\\search.json.mozlz4", (void 0)))
DevTools listening on ws://localhost:58086/devtools/browser/6c41efb1-ee3d-4208-9b12-2d59d1e61306
1649933535381	Marionette	INFO	Listening on port 58113
Read port: 58113
1649933535479	RemoteAgent	WARN	TLS certificate errors will be ignored for this session
JavaScript error: https://connect.facebook.net/en_US/fbevents.js, line 27: TypeError: f.queue is undefined
JavaScript warning: https://pagead2.googlesyndication.com/bg/k-Lxrj_3cR5KhrMTVpzAVOH1CgwXrUvkekFpn42ZeoQ.js line 1 > eval line 3809 > eval line 1 > eval line 1 > eval, line 1: WEBGL_debug_renderer_info is deprecated in Firefox and will be removed. Please use RENDERER.
JavaScript error: , line 0: uncaught exception: 7
JavaScript warning: https://pagead2.googlesyndication.com/bg/k-Lxrj_3cR5KhrMTVpzAVOH1CgwXrUvkekFpn42ZeoQ.js line 1 > eval line 2498 > eval line 1 > eval line 1 > eval, line 1: WEBGL_debug_renderer_info is deprecated in Firefox and will be removed. Please use RENDERER.
JavaScript error: https://eus.rubiconproject.com/usync.js, line 4: SecurityError: The operation is insecure.
1649933550980	Marionette	INFO	Stopped listening on port 58113
console.warn: TopSitesFeed: Failed to fetch data from Contile server: NetworkError when attempting to fetch resource.
JavaScript error: , line 0: TypeError: NetworkError when attempting to fetch resource.
JavaScript error: , line 0: TypeError: NetworkError when attempting to fetch resource.
JavaScript error: , line 0: TypeError: NetworkError when attempting to fetch resource.
JavaScript error: , line 0: TypeError: NetworkError when attempting to fetch resource.
JavaScript error: , line 0: TypeError: NetworkError when attempting to fetch resource.

###!!! [Parent][MessageChannel] Error: (msgtype=0x39007A,name=PContent::Msg_DestroyBrowsingContextGroup) Closed channel: cannot send/recv


###!!! [Parent][RunMessage] Error: Channel closing: too late to send/recv, messages will be lost

1649933568188	geckodriver	INFO	Listening on 127.0.0.1:58476
1649933571272	mozrunner::runner	INFO	Running command: "C:\\Program Files\\Mozilla Firefox\\firefox.exe" "--marionette" "--remote-debugging-port" "58477" "--remote-allow-hosts" "localhost" "-no-remote" "-profile" "C:\\Users\\itzia\\AppData\\Local\\Temp\\rust_mozprofileYEr0ym"
1649933571624	Marionette	INFO	Marionette enabled
console.warn: SearchSettings: "get: No settings file exists, new profile?" (new NotFoundError("Could not open the file at C:\\Users\\itzia\\AppData\\Local\\Temp\\rust_mozprofileYEr0ym\\search.json.mozlz4", (void 0)))
DevTools listening on ws://localhost:58477/devtools/browser/42e20c37-22de-4fec-b5c2-25cfc1839490
1649933574809	Marionette	INFO	Listening on port 58506
Read port: 58506
1649933574902	RemoteAgent	WARN	TLS certificate errors will be ignored for this session
JavaScript error: https://connect.facebook.net/en_US/fbevents.js, line 27: TypeError: f.queue is undefined
1649933581151	Marionette	INFO	Stopped listening on port 58506
JavaScript error: https://i-invdn-com.investing.com/js/lazysizes.min.js, line 2: NS_ERROR_NOT_INITIALIZED: 
JavaScript error: , line 0: uncaught exception: undefined
console.warn: TopSitesFeed: Failed to fetch data from Contile server: NetworkError when attempting to fetch resource.
1649933679886	geckodriver	INFO	Listening on 127.0.0.1:58409
1649933682933	mozrunner::runner	INFO	Running command: "C:\\Program Files\\Mozilla Firefox\\firefox.exe" "--marionette" "--remote-debugging-port" "58410" "--remote-allow-hosts" "localhost" "-no-remote" "-profile" "C:\\Users\\itzia\\AppData\\Local\\Temp\\rust_mozprofile7tyXCb"
1649933683210	Marionette	INFO	Marionette enabled
console.warn: SearchSettings: "get: No settings file exists, new profile?" (new NotFoundError("Could not open the file at C:\\Users\\itzia\\AppData\\Local\\Temp\\rust_mozprofile7tyXCb\\search.json.mozlz4", (void 0)))
DevTools listening on ws://localhost:58410/devtools/browser/84f5660c-b90a-42a7-a729-57c356292217
1649933685761	Marionette	INFO	Listening on port 58440
Read port: 58440
1649933685825	RemoteAgent	WARN	TLS certificate errors will be ignored for this session
1649933690043	Marionette	INFO	Stopped listening on port 58440

###!!! [Child][RunMessage] Error: Channel closing: too late to send/recv, messages will be lost


###!!! [Parent][RunMessage] Error: Channel closing: too late to send/recv, messages will be lost

1649933725103	geckodriver	INFO	Listening on 127.0.0.1:58626
1649933728158	mozrunner::runner	INFO	Running command: "C:\\Program Files\\Mozilla Firefox\\firefox.exe" "--marionette" "--remote-debugging-port" "58627" "--remote-allow-hosts" "localhost" "-no-remote" "-profile" "C:\\Users\\itzia\\AppData\\Local\\Temp\\rust_mozprofileEWDuCh"
1649933728441	Marionette	INFO	Marionette enabled
console.warn: SearchSettings: "get: No settings file exists, new profile?" (new NotFoundError("Could not open the file at C:\\Users\\itzia\\AppData\\Local\\Temp\\rust_mozprofileEWDuCh\\search.json.mozlz4", (void 0)))
DevTools listening on ws://localhost:58627/devtools/browser/c0907453-b5bd-4dcd-9b99-42792e607474
1649933730963	Marionette	INFO	Listening on port 58649
Read port: 58649
1649933731027	RemoteAgent	WARN	TLS certificate errors will be ignored for this session
1649933735946	Marionette	INFO	Stopped listening on port 58649

###!!! [Child][RunMessage] Error: Channel closing: too late to send/recv, messages will be lost


###!!! [Child][RunMessage] Error: Channel closing: too late to send/recv, messages will be lost


###!!! [Child][RunMessage] Error: Channel closing: too late to send/recv, messages will be lost


###!!! [Child][RunMessage] Error: Channel closing: too late to send/recv, messages will be lost


###!!! [Parent][RunMessage] Error: Channel closing: too late to send/recv, messages will be lost

1649933821632	geckodriver	INFO	Listening on 127.0.0.1:52620
1649933824683	mozrunner::runner	INFO	Running command: "C:\\Program Files\\Mozilla Firefox\\firefox.exe" "--marionette" "--remote-debugging-port" "52621" "--remote-allow-hosts" "localhost" "-no-remote" "-profile" "C:\\Users\\itzia\\AppData\\Local\\Temp\\rust_mozprofileOLmeIj"
1649933824974	Marionette	INFO	Marionette enabled
console.warn: SearchSettings: "get: No settings file exists, new profile?" (new NotFoundError("Could not open the file at C:\\Users\\itzia\\AppData\\Local\\Temp\\rust_mozprofileOLmeIj\\search.json.mozlz4", (void 0)))
DevTools listening on ws://localhost:52621/devtools/browser/010b70cb-0334-4b9d-a824-7430a0220690
1649933827337	Marionette	INFO	Listening on port 52646
Read port: 52646
1649933827436	RemoteAgent	WARN	TLS certificate errors will be ignored for this session
1649934319764	Marionette	INFO	Stopped listening on port 52646
console.warn: TopSitesFeed: Failed to fetch data from Contile server: NetworkError when attempting to fetch resource.
remote-debugging-port" "58471" "--remote-allow-hosts" "localhost" "-no-remote" "-profile" "C:\\Users\\itzia\\AppData\\Local\\Temp\\rust_mozprofileCV1oLY"
1649933913358	Marionette	INFO	Marionette enabled
console.warn: SearchSettings: "get: No settings file exists, new profile?" (new NotFoundError("Could not open the file at C:\\Users\\itzia\\AppData\\Local\\Temp\\rust_mozprofileCV1oLY\\search.json.mozlz4", (void 0)))
DevTools listening on ws://localhost:58471/devtools/browser/1d143828-26e5-4674-8ad2-81d1b1ff25c4
1649933915927	Marionette	INFO	Listening on port 58498
Read port: 58498
1649933916034	RemoteAgent	WARN	TLS certificate errors will be ignored for this session
JavaScript error: https://connect.facebook.net/en_US/fbevents.js, line 27: TypeError: f.queue is undefined
1649933919727	Marionette	INFO	Stopped listening on port 58498
1649935295265	geckodriver	INFO	Listening on 127.0.0.1:49259
1649935298347	mozrunner::runner	INFO	Running command: "C:\\Program Files\\Mozilla Firefox\\firefox.exe" "--marionette" "--remote-debugging-port" "49260" "--remote-allow-hosts" "localhost" "-no-remote" "-profile" "C:\\Users\\itzia\\AppData\\Local\\Temp\\rust_mozprofiledfIuxH"
1649935298641	Marionette	INFO	Marionette enabled
console.warn: SearchSettings: "get: No settings file exists, new profile?" (new NotFoundError("Could not open the file at C:\\Users\\itzia\\AppData\\Local\\Temp\\rust_mozprofiledfIuxH\\search.json.mozlz4", (void 0)))
DevTools listening on ws://localhost:49260/devtools/browser/2caa10f8-4b6c-4f3c-b275-ae0a09be5ef6
1649935301233	Marionette	INFO	Listening on port 49283
Read port: 49283
1649935301310	RemoteAgent	WARN	TLS certificate errors will be ignored for this session
JavaScript warning: https://pagead2.googlesyndication.com/bg/k-Lxrj_3cR5KhrMTVpzAVOH1CgwXrUvkekFpn42ZeoQ.js line 1 > eval line 6144 > eval line 1 > eval line 1 > eval, line 1: WEBGL_debug_renderer_info is deprecated in Firefox and will be removed. Please use RENDERER.
JavaScript warning: https://pagead2.googlesyndication.com/bg/k-Lxrj_3cR5KhrMTVpzAVOH1CgwXrUvkekFpn42ZeoQ.js line 1 > eval line 758 > eval line 1 > eval line 1 > eval, line 1: WEBGL_debug_renderer_info is deprecated in Firefox and will be removed. Please use RENDERER.
JavaScript error: , line 0: uncaught exception: 7
JavaScript error: https://eus.rubiconproject.com/usync.js, line 4: SecurityError: The operation is insecure.
[Child 3284, MediaDecoderStateMachine #1] WARNING: 188dcc55ba0 Could not set cubeb stream name.: file /builds/worker/checkouts/gecko/dom/media/AudioStream.cpp:367
[Child 3284, MediaDecoderStateMachine #1] WARNING: 188ddb34e40 Could not set cubeb stream name.: file /builds/worker/checkouts/gecko/dom/media/AudioStream.cpp:367
[Child 3284, MediaDecoderStateMachine #1] WARNING: 188ddb344a0 Could not set cubeb stream name.: file /builds/worker/checkouts/gecko/dom/media/AudioStream.cpp:367
[Child 3284, MediaDecoderStateMachine #1] WARNING: 188da8c7f20 Could not set cubeb stream name.: file /builds/worker/checkouts/gecko/dom/media/AudioStream.cpp:367
[Child 3284, MediaDecoderStateMachine #1] WARNING: 188dcc559e0 Could not set cubeb stream name.: file /builds/worker/checkouts/gecko/dom/media/AudioStream.cpp:367
[Child 3284, MediaDecoderStateMachine #1] WARNING: 188dd58c040 Could not set cubeb stream name.: file /builds/worker/checkouts/gecko/dom/media/AudioStream.cpp:367
[Child 3284, MediaDecoderStateMachine #1] WARNING: 188dd58c200 Could not set cubeb stream name.: file /builds/worker/checkouts/gecko/dom/media/AudioStream.cpp:367
[Child 3284, MediaDecoderStateMachine #1] WARNING: 188ddb34d60 Could not set cubeb stream name.: file /builds/worker/checkouts/gecko/dom/media/AudioStream.cpp:367
[Child 3284, MediaDecoderStateMachine #1] WARNING: 188e290ef20 Could not set cubeb stream name.: file /builds/worker/checkouts/gecko/dom/media/AudioStream.cpp:367
[Child 3284, MediaDecoderStateMachine #1] WARNING: 188ddb34740 Could not set cubeb stream name.: file /builds/worker/checkouts/gecko/dom/media/AudioStream.cpp:367
[Child 3284, MediaDecoderStateMachine #1] WARNING: 188e166ff20 Could not set cubeb stream name.: file /builds/worker/checkouts/gecko/dom/media/AudioStream.cpp:367
[Child 3284, MediaDecoderStateMachine #1] WARNING: 188e290ee40 Could not set cubeb stream name.: file /builds/worker/checkouts/gecko/dom/media/AudioStream.cpp:367
[Child 3284, MediaDecoderStateMachine #1] WARNING: 188e3efb4a0 Could not set cubeb stream name.: file /builds/worker/checkouts/gecko/dom/media/AudioStream.cpp:367
[Child 3284, MediaDecoderStateMachine #1] WARNING: 188e290e740 Could not set cubeb stream name.: file /builds/worker/checkouts/gecko/dom/media/AudioStream.cpp:367
1649935734280	Marionette	INFO	Stopped listening on port 49283
console.warn: TopSitesFeed: Failed to fetch data from Contile server: NetworkError when attempting to fetch resource.
JavaScript error: , line 0: TypeError: NetworkError when attempting to fetch resource.
JavaScript error: , line 0: TypeError: NetworkError when attempting to fetch resource.
JavaScript error: , line 0: TypeError: NetworkError when attempting to fetch resource.
JavaScript error: , line 0: TypeError: NetworkError when attempting to fetch resource.
JavaScript error: , line 0: TypeError: NetworkError when attempting to fetch resource.
: file /builds/worker/checkouts/gecko/dom/media/AudioStream.cpp:367
[Child 21472, MediaDecoderStateMachine #1] WARNING: 22502bc6660 Could not set cubeb stream name.: file /builds/worker/checkouts/gecko/dom/media/AudioStream.cpp:367
[Child 21472, MediaDecoderStateMachine #1] WARNING: 22503f631649935563848	mozrunner::runner	INFO	Running command: "C:\\Program Files\\Mozilla Firefox\\firefox.exe" "[Child 21472, MediaDecoderStateMachine #1] WARNING: 22502bc6f20 Could not set cubeb stream name.: file /builds/worker/checkouts/gecko/dom/media/AudioStream.cpp:367
[Child 21472, MediaDecoderStateMachine #1] WARNING: 22503f633c0 Could not set cubeb stream name.: file /builds/worker/checkouts/gecko/dom/media/AudioStream.cpp:367
[Child 21472, MediaDecoderStateMachine #1] WARNING: 2250752f660 Could not set cubeb stream name.: file /builds/worker/checkouts/gecko/dom/media/AudioStream.cpp:367
[Child 21472, MediaDecoderStateMachine #1] WARNING: 225004fd4a0 Could not set cubeb stream name.: file /builds/worker/checkouts/gecko/dom/media/AudioStream.cpp:367
[Child 21472, MediaDecoderStateMachine #1] WARNING: 22503f63ba0 Could not set cubeb stream name.: file /builds/worker/checkouts/gecko/dom/media/AudioStream.cpp:367
1649935732476	Marionette	INFO	Stopped listening on port 61117
console.warn: TopSitesFeed: Failed to fetch data from Contile server: NetworkError when attempting to fetch resource.
JavaScript error: , line 0: TypeError: NetworkError when attempting to fetch resource.
JavaScript error: , line 0: TypeError: NetworkError when attempting to fetch resource.
JavaScript error: , line 0: TypeError: NetworkError when attempting to fetch resource.
JavaScript error: , line 0: TypeError: NetworkError when attempting to fetch resource.
JavaScript error: , line 0: TypeError: NetworkError when attempting to fetch resource.
[Parent 9272, IPC I/O Parent] WARNING: file /builds/worker/checkouts/gecko/ipc/chromium/src/base/process_util_win.cc:167
mozprofilecDRnEP"
1649935704642	Marionette	INFO	Marionette enabled
console.warn: SearchSettings: "get: No settings file exists, new profile?" (new NotFoundError("Could not open the file at C:\\Users\\itzia\\AppData\\Local\\Temp\\rust_mozprofilecDRnEP\\search.json.mozlz4", (void 0)))
DevTools listening on ws://localhost:65077/devtools/browser/124bb67c-c16c-436c-ac5f-b47eea96eb1c
1649935708059	Marionette	INFO	Listening on port 65103
Read port: 65103
1649935708131	RemoteAgent	WARN	TLS certificate errors will be ignored for this session
1649935715663	Marionette	INFO	Stopped listening on port 65103
console.warn: TopSitesFeed: Failed to fetch data from Contile server: NetworkError when attempting to fetch resource.
JavaScript error: https://i-invdn-com.investing.com/js/lazysizes.min.js, line 2: NS_ERROR_NOT_INITIALIZED: 

###!!! [Child][MessageChannel] Error: (msgtype=0x590008,name=PHttpChannel::Msg_DeletingChannel) Channel closing: too late to send/recv, messages will be lost


###!!! [Child][MessageChannel] Error: (msgtype=0x590004,name=PHttpChannel::Msg_Cancel) Channel closing: too late to send/recv, messages will be lost


###!!! [Child][MessageChannel] Error: (msgtype=0x590008,name=PHttpChannel::Msg_DeletingChannel) Channel closing: too late to send/recv, messages will be lost


###!!! [Child][RunMessage] Error: Channel closing: too late to send/recv, messages will be lost


###!!! [Child][RunMessage] Error: Channel closing: too late to send/recv, messages will be lost


###!!! [Child][RunMessage] Error: Channel closing: too late to send/recv, messages will be lost


###!!! [Child][RunMessage] Error: Channel closing: too late to send/recv, messages will be lost


###!!! [Child][RunMessage] Error: Channel closing: too late to send/recv, messages will be lost


###!!! [Child][RunMessage] Error: Channel closing: too late to send/recv, messages will be lost


###!!! [Child][RunMessage] Error: Channel closing: too late to send/recv, messages will be lost

1649936125196	geckodriver	INFO	Listening on 127.0.0.1:50028
1649936128247	mozrunner::runner	INFO	Running command: "C:\\Program Files\\Mozilla Firefox\\firefox.exe" "--marionette" "--remote-debugging-port" "50029" "--remote-allow-hosts" "localhost" "-no-remote" "-profile" "C:\\Users\\itzia\\AppData\\Local\\Temp\\rust_mozprofileDKazRG"
1649936128526	Marionette	INFO	Marionette enabled
console.warn: SearchSettings: "get: No settings file exists, new profile?" (new NotFoundError("Could not open the file at C:\\Users\\itzia\\AppData\\Local\\Temp\\rust_mozprofileDKazRG\\search.json.mozlz4", (void 0)))
DevTools listening on ws://localhost:50029/devtools/browser/a2daa0fc-3777-42f2-bdb0-8c89dd606686
1649936131063	Marionette	INFO	Listening on port 50667
Read port: 50667
1649936131108	RemoteAgent	WARN	TLS certificate errors will be ignored for this session
JavaScript warning: https://pagead2.googlesyndication.com/bg/k-Lxrj_3cR5KhrMTVpzAVOH1CgwXrUvkekFpn42ZeoQ.js line 1 > eval line 6757 > eval line 1 > eval line 1 > eval, line 1: WEBGL_debug_renderer_info is deprecated in Firefox and will be removed. Please use RENDERER.
1649936141397	Marionette	INFO	Stopped listening on port 50667
[Parent 33080, IPC I/O Parent] WARNING: file /builds/worker/checkouts/gecko/ipc/chromium/src/base/process_util_win.cc:167
JavaScript error: , line 0: TypeError: NetworkError when attempting to fetch resource.
JavaScript error: , line 0: TypeError: NetworkError when attempting to fetch resource.
JavaScript error: , line 0: TypeError: NetworkError when attempting to fetch resource.
JavaScript error: , line 0: TypeError: NetworkError when attempting to fetch resource.

###!!! [Child][MessageChannel] Error: (msgtype=0x590008,name=PHttpChannel::Msg_DeletingChannel) Channel closing: too late to send/recv, messages will be lost


###!!! [Child][MessageChannel] Error: (msgtype=0x590008,name=PHttpChannel::Msg_DeletingChannel) Channel closing: too late to send/recv, messages will be lost


###!!! [Child][MessageChannel] Error: (msgtype=0x6A0023,name=PNecko::Msg_RemoveRequestContext) Channel closing: too late to send/recv, messages will be lost


###!!! [Child][MessageChannel] Error: (msgtype=0x590008,name=PHttpChannel::Msg_DeletingChannel) Channel closing: too late to send/recv, messages will be lost


###!!! [Child][MessageChannel] Error: (msgtype=0x590008,name=PHttpChannel::Msg_DeletingChannel) Channel closing: too late to send/recv, messages will be lost


###!!! [Child][MessageChannel] Error: (msgtype=0x590008,name=PHttpChannel::Msg_DeletingChannel) Channel closing: too late to send/recv, messages will be lost


###!!! [Child][MessageChannel] Error: (msgtype=0x590008,name=PHttpChannel::Msg_DeletingChannel) Channel closing: too late to send/recv, messages will be lost

1649936192430	geckodriver	INFO	Listening on 127.0.0.1:60634
1649936195516	mozrunner::runner	INFO	Running command: "C:\\Program Files\\Mozilla Firefox\\firefox.exe" "--marionette" "--remote-debugging-port" "60635" "--remote-allow-hosts" "localhost" "-no-remote" "-profile" "C:\\Users\\itzia\\AppData\\Local\\Temp\\rust_mozprofileBbgIUa"
1649936195794	Marionette	INFO	Marionette enabled
console.warn: SearchSettings: "get: No settings file exists, new profile?" (new NotFoundError("Could not open the file at C:\\Users\\itzia\\AppData\\Local\\Temp\\rust_mozprofileBbgIUa\\search.json.mozlz4", (void 0)))
DevTools listening on ws://localhost:60635/devtools/browser/9fc0af26-258d-4373-931c-0d48d3ac6bcf
1649936198152	Marionette	INFO	Listening on port 60658
Read port: 60658
1649936198268	RemoteAgent	WARN	TLS certificate errors will be ignored for this session
JavaScript warning: https://pagead2.googlesyndication.com/bg/k-Lxrj_3cR5KhrMTVpzAVOH1CgwXrUvkekFpn42ZeoQ.js line 1 > eval line 3728 > eval line 1 > eval line 1 > eval, line 1: WEBGL_debug_renderer_info is deprecated in Firefox and will be removed. Please use RENDERER.
1649936206753	Marionette	INFO	Stopped listening on port 60658
console.warn: TopSitesFeed: Failed to fetch data from Contile server: NetworkError when attempting to fetch resource.

###!!! [Parent][RunMessage] Error: Channel closing: too late to send/recv, messages will be lost

1649936244313	geckodriver	INFO	Listening on 127.0.0.1:60808
1649936247382	mozrunner::runner	INFO	Running command: "C:\\Program Files\\Mozilla Firefox\\firefox.exe" "--marionette" "--remote-debugging-port" "60809" "--remote-allow-hosts" "localhost" "-no-remote" "-profile" "C:\\Users\\itzia\\AppData\\Local\\Temp\\rust_mozprofilebQefMj"
1649936247668	Marionette	INFO	Marionette enabled
console.warn: SearchSettings: "get: No settings file exists, new profile?" (new NotFoundError("Could not open the file at C:\\Users\\itzia\\AppData\\Local\\Temp\\rust_mozprofilebQefMj\\search.json.mozlz4", (void 0)))
DevTools listening on ws://localhost:60809/devtools/browser/306ff423-ed49-46db-84df-a9351e80e9de
1649936250195	Marionette	INFO	Listening on port 60838
Read port: 60838
1649936250238	RemoteAgent	WARN	TLS certificate errors will be ignored for this session
JavaScript warning: https://pagead2.googlesyndication.com/bg/k-Lxrj_3cR5KhrMTVpzAVOH1CgwXrUvkekFpn42ZeoQ.js line 1 > eval line 1331 > eval line 1 > eval line 1 > eval, line 1: WEBGL_debug_renderer_info is deprecated in Firefox and will be removed. Please use RENDERER.
JavaScript warning: https://pagead2.googlesyndication.com/bg/k-Lxrj_3cR5KhrMTVpzAVOH1CgwXrUvkekFpn42ZeoQ.js line 1 > eval line 5525 > eval line 1 > eval line 1 > eval, line 1: WEBGL_debug_renderer_info is deprecated in Firefox and will be removed. Please use RENDERER.
JavaScript warning: https://pagead2.googlesyndication.com/bg/k-Lxrj_3cR5KhrMTVpzAVOH1CgwXrUvkekFpn42ZeoQ.js line 1 > eval line 5068 > eval line 1 > eval line 1 > eval, line 1: WEBGL_debug_renderer_info is deprecated in Firefox and will be removed. Please use RENDERER.
JavaScript error: , line 0: uncaught exception: 7
JavaScript error: https://eus.rubiconproject.com/usync.js, line 4: SecurityError: The operation is insecure.
[Child 12224, MediaDecoderStateMachine #1] WARNING: 175770d0580 Could not set cubeb stream name.: file /builds/worker/checkouts/gecko/dom/media/AudioStream.cpp:367
[Child 12224, MediaDecoderStateMachine #1] WARNING: 1756fda5200 Could not set cubeb stream name.: file /builds/worker/checkouts/gecko/dom/media/AudioStream.cpp:367
[Child 12224, MediaDecoderStateMachine #1] WARNING: 175734e49e0 Could not set cubeb stream name.: file /builds/worker/checkouts/gecko/dom/media/AudioStream.cpp:367
JavaScript warning: https://pagead2.googlesyndication.com/bg/k-Lxrj_3cR5KhrMTVpzAVOH1CgwXrUvkekFpn42ZeoQ.js line 1 > eval line 1018 > eval line 1 > eval line 1 > eval, line 1: WEBGL_debug_renderer_info is deprecated in Firefox and will be removed. Please use RENDERER.
[Child 12224, MediaDecoderStateMachine #1] WARNING: 1756fda5200 Could not set cubeb stream name.: file /builds/worker/checkouts/gecko/dom/media/AudioStream.cpp:367
[Child 12224, MediaDecoderStateMachine #1] WARNING: 17573498ac0 Could not set cubeb stream name.: file /builds/worker/checkouts/gecko/dom/media/AudioStream.cpp:367
[Child 12224, MediaDecoderStateMachine #1] WARNING: 1757a4f7d60 Could not set cubeb stream name.:1649945387962	Marionette	INFO	Stopped listening on port 63309
console.warn: TopSitesFeed: Failed to fetch data from Contile server: NetworkError when attempting to fetch resource.
 > eval line 7788 > eval line 1 > eval line 1 > eval, line 1: WEBGL_debug_renderer_info is deprecated in Firefox and will be removed. Please use RENDERER.
JavaScript warning: https://pagead2.googlesyndication.com/bg/k-Lxrj_3cR5KhrMTVpzAVOH1CgwXrUvkekFpn42ZeoQ.js line 1 > eval line 2137 > eval line 1 > eval line 1 > eval, line 1: WEBGL_debug_renderer_info is deprecated in Firefox and will be removed. Please use RENDERER.
[Child 12224, MediaDecoderStateMachine #1] WARNING: 17576c17660 Could not set cubeb stream name.: file /builds/worker/checkouts/gecko/dom/media/AudioStream.cpp:367
[Child 12224, MediaDecoderStateMachine #1] WARNING: 1756e283d60 Could not set cubeb strea1649945389133	Marionette	INFO	Stopped listening on port 55549
console.warn: TopSitesFeed: Failed to fetch data from Contile server: NetworkError when attempting to fetch resource.
ilds/worker/checkouts/gecko/dom/media/AudioStream.cpp:367
[Child 12224, MediaDecoderStateMachine #1] WARNING: 1756e283200 Could not set cubeb stream name.: file /builds/worker/checkouts/gecko/dom/media/AudioStream.cpp:367
[Child 12224, MediaDecoderStateMachine #1] WARNING: 1756fda54a0 Could not set cubeb stream name.: file /builds/worker/checkouts/gecko/dom/media/AudioStream.cpp:367
JavaScript warning: https://pagead2.googlesyndication.com/bg/k-Lxrj_3cR5KhrMTVpzAVOH1CgwXrUvkekFpn42ZeoQ.js line 1 > eval line 1971 > eval line 1 > eval line 1 > eval, line 1: WEBGL_debug_renderer_info is deprecated in Firefox and will be removed. Please use RENDERER.
[Child 12224, MediaDecoderStateMachine #1] WARNING: 17573606660 Could not set cubeb stream name.: file /builds/worker/checkouts/gecko/dom/media/AudioStream.cpp:367
[Child 12224, MediaDecoderStateMachine #1] WARNING: 1756fda52e0 Could not set cubeb stream name.: file /builds/worker/checkouts/gecko/dom/media/AudioStream.cpp:367
[Child 12224, MediaDecoderStateMachine #1] WARNING: 175734e4e40 Could not set cubeb stream name.: file /builds/worker/checkouts/gecko/dom/media/AudioStream.cpp:367
[Child 12224, MediaDecoderStateMachine #1] WARNING: 17573619c80 Could not set cubeb stream name.: file /builds/worker/checkouts/gecko/dom/media/AudioStream.cpp:367
[Child 12224, MediaDecoderStateMachine #1] WARNING: 17573619740 Could not set cubeb stream name.: file /builds/worker/checkouts/gecko/dom/media/AudioStream.cpp:367
[Child 12224, MediaDecoderStateMachine #1] WARNING: 1757346ad60 Could not set cubeb stream name.: file /builds/worker/checkouts/gecko/dom/media/AudioStream.cpp:367
[Child 12224, MediaDecoderStateMachine #1] WARNING: 175708e04a0 Could not set cubeb stream name.: file /builds/worker/checkouts/gecko/dom/media/AudioStream.cpp:367
[Child 12224, MediaDecoderStateMachine #1] WARNING: 1757346a3c0 Could not set cubeb stream name.: file /builds/worker/checkouts/gecko/dom/media/AudioStream.cpp:367
[Child 12224, MediaDecoderStateMachine #1] WARNING: 175797e6740 Could not set cubeb stream name.: file /builds/worker/checkouts/gecko/dom/media/AudioStream.cpp:367
[Child 12224, MediaDecoderStateMachine #1] WARNING: 1757346ad60 Could not set cubeb stream name.: file /builds/worker/checkouts/gecko/dom/media/AudioStream.cpp:367
[Child 12224, MediaDecoderStateMachine #1] WARNING: 175734e4740 Could not set cubeb stream name.: file /builds/worker/checkouts/gecko/dom/media/AudioStream.cpp:367
[Child 12224, MediaDecoderStateMachine #1] WARNING: 1757978e3c0 Could not set cubeb stream name.: file /builds/worker/checkouts/gecko/dom/media/AudioStream.cpp:367
[Child 12224, MediaDecoderStateMachine #1] WARNING: 175760ba3c0 Could not set cubeb stream name.: file /builds/worker/checkouts/gecko/dom/media/AudioStream.cpp:367
[Child 12224, MediaDecoderStateMachine #1] WARNING: 175734e4ac0 Could not set cubeb stream name.: file /builds/worker/checkouts/gecko/dom/media/AudioStream.cpp:367
[Child 12224, MediaDecoderStateMachine #1] WARNING: 1756fda5200 Could not set cubeb stream name.: file /builds/worker/checkouts/gecko/dom/media/AudioStream.cpp:367
[Child 12224, MediaDecoderStateMachine #1] WARNING: 175734e4120 Could not set cubeb stream name.: file /builds/worker/checkouts/gecko/dom/media/AudioStream.cpp:367
[Child 12224, MediaDecoderStateMachine #1] WARNING: 17576c17580 Could not set cubeb stream name.: file /builds/worker/checkouts/gecko/dom/media/AudioStream.cpp:367
[Child 12224, MediaDecoderStateMachine #1] WARNING: 175734e4820 Could not set cubeb stream name.: file /builds/worker/checkouts/gecko/dom/media/AudioStream.cpp:367
1649937020653	Marionette	INFO	Stopped listening on port 60838
console.warn: TopSitesFeed: Failed to fetch data from Contile server: NetworkError when attempting to fetch resource.
JavaScript error: , line 0: TypeError: NetworkError when attempting to fetch resource.
JavaScript error: , line 0: TypeError: NetworkError when attempting to fetch resource.
JavaScript error: , line 0: TypeError: NetworkError when attempting to fetch resource.
JavaScript error: , line 0: TypeError: NetworkError when attempting to fetch resource.
JavaScript error: , line 0: TypeError: NetworkError when attempting to fetch resource.
JavaScript error: , line 0: TypeError: NetworkError when attempting to fetch resource.
c.js, line 4: SecurityError: The operation is insecure.
JavaScript warning: https://pagead2.googlesyndication.com/bg/k-Lxrj_3cR5KhrMTVpzAVOH1CgwXrUvkekFpn42ZeoQ.js line 1 > eval line 4361 > eval line 1 > eval line 1 > eval, line 1: WEBGL_debug_renderer_info is deprecated in Firefox and will be removed. Please use RENDERER.
1649936506052	Marionette	INFO	Stopped listening on port 61817

###!!! [Child][MessageChannel] Error: (msgtype=0x590007,name=PHttpChannel::Msg_RemoveCorsPreflightCacheEntry) Channel closing: too late to send/recv, messages will be lost


###!!! [Parent][MessageChannel] Error: (msgtype=0x39014F,name=PContent::Reply_DiscardBrowsingContext) Closed channel: cannot send/recv


###!!! [Parent][MessageChannel] Error: (msgtype=0x39014F,name=PContent::Reply_DiscardBrowsingContext) Closed channel: cannot send/recv


###!!! [Parent][MessageChannel] Error: (msgtype=0x39014F,name=PContent::Reply_DiscardBrowsingContext) Closed channel: cannot send/recv


###!!! [Parent][MessageChannel] Error: (msgtype=0x39014F,name=PContent::Reply_DiscardBrowsingContext) Closed channel: cannot send/recv


###!!! [Child][MessageChannel] Error: (msgtype=0x590008,name=PHttpChannel::Msg_DeletingChannel) Channel closing: too late to send/recv, messages will be lost


###!!! [Parent][MessageChannel] Error: (msgtype=0x39014F,name=PContent::Reply_DiscardBrowsingContext) Closed channel: cannot send/recv


###!!! [Child][RunMessage] Error: Channel closing: too late to send/recv, messages will be lost


###!!! [Parent][MessageChannel] Error: (msgtype=0x39014F,name=PContent::Reply_DiscardBrowsingContext) Closed channel: cannot send/recv


###!!! [Child][RunMessage] Error: Channel closing: too late to send/recv, messages will be lost


###!!! [Parent][MessageChannel] Error: (msgtype=0x39014F,name=PContent::Reply_DiscardBrowsingContext) Closed channel: cannot send/recv


###!!! [Child][RunMessage] Error: Channel closing: too late to send/recv, messages will be lost


###!!! [Parent][MessageChannel] Error: (msgtype=0x39014F,name=PContent::Reply_DiscardBrowsingContext) Closed channel: cannot send/recv


###!!! [Child][RunMessage] Error: Channel closing: too late to send/recv, messages will be lost


###!!! [Parent][MessageChannel] Error: (msgtype=0x39014F,name=PContent::Reply_DiscardBrowsingContext) Closed channel: cannot send/recv


###!!! [Child][RunMessage] Error: Channel closing: too late to send/recv, messages will be lost


###!!! [Parent][MessageChannel] Error: (msgtype=0x39014F,name=PContent::Reply_DiscardBrowsingContext) Closed channel: cannot send/recv


###!!! [Parent][MessageChannel] Error: (msgtype=0x39014F,name=PContent::Reply_DiscardBrowsingContext) Closed channel: cannot send/recv


###!!! [Parent][MessageChannel] Error: (msgtype=0x39014F,name=PContent::Reply_DiscardBrowsingContext) Closed channel: cannot send/recv


###!!! [Parent][MessageChannel] Error: (msgtype=0x39014F,name=PContent::Reply_DiscardBrowsingContext) Closed channel: cannot send/recv


###!!! [Child][MessageChannel] Error: (msgtype=0x6A0014,name=PNecko::Msg_PredLearn) Channel closing: too late to send/recv, messages will be lost


###!!! [Parent][MessageChannel] Error: (msgtype=0x39014F,name=PContent::Reply_DiscardBrowsingContext) Closed channel: cannot send/recv


###!!! [Parent][MessageChannel] Error: (msgtype=0x39014F,name=PContent::Reply_DiscardBrowsingContext) Closed channel: cannot send/recv


###!!! [Child][RunMessage] Error: Channel closing: too late to send/recv, messages will be lost


###!!! [Parent][MessageChannel] Error: (msgtype=0x39014F,name=PContent::Reply_DiscardBrowsingContext) Closed channel: cannot send/recv


###!!! [Parent][MessageChannel] Error: (msgtype=0x39014F,name=PContent::Reply_DiscardBrowsingContext) Closed channel: cannot send/recv


###!!! [Child][MessageChannel] Error: (msgtype=0x6A0014,name=PNecko::Msg_PredLearn) Channel closing: too late to send/recv, messages will be lost


###!!! [Parent][MessageChannel] Error: (msgtype=0x39014F,name=PContent::Reply_DiscardBrowsingContext) Closed channel: cannot send/recv


###!!! [Parent][MessageChannel] Error: (msgtype=0x39014F,name=PContent::Reply_DiscardBrowsingContext) Closed channel: cannot send/recv


###!!! [Child][RunMessage] Error: Channel closing: too late to send/recv, messages will be lost


###!!! [Parent][MessageChannel] Error: (msgtype=0x39014F,name=PContent::Reply_DiscardBrowsingContext) Closed channel: cannot send/recv


###!!! [Child][RunMessage] Error: Channel closing: too late to send/recv, messages will be lost


###!!! [Parent][MessageChannel] Error: (msgtype=0x39014F,name=PContent::Reply_DiscardBrowsingContext) Closed channel: cannot send/recv


###!!! [Child][RunMessage] Error: Channel closing: too late to send/recv, messages will be lost


###!!! [Parent][MessageChannel] Error: (msgtype=0x39014F,name=PContent::Reply_DiscardBrowsingContext) Closed channel: cannot send/recv


###!!! [Child][RunMessage] Error: Channel closing: too late to send/recv, messages will be lost


###!!! [Parent][MessageChannel] Error: (msgtype=0x39014F,name=PContent::Reply_DiscardBrowsingContext) Closed channel: cannot send/recv


###!!! [Child][RunMessage] Error: Channel closing: too late to send/recv, messages will be lost


###!!! [Parent][MessageChannel] Error: (msgtype=0x39014F,name=PContent::Reply_DiscardBrowsingContext) Closed channel: cannot send/recv


###!!! [Child][RunMessage] Error: Channel closing: too late to send/recv, messages will be lost


###!!! [Parent][MessageChannel] Error: (msgtype=0x39014F,name=PContent::Reply_DiscardBrowsingContext) Closed channel: cannot send/recv


###!!! [Child][RunMessage] Error: Channel closing: too late to send/recv, messages will be lost


###!!! [Parent][MessageChannel] Error: (msgtype=0x39014F,name=PContent::Reply_DiscardBrowsingContext) Closed channel: cannot send/recv


###!!! [Child][RunMessage] Error: Channel closing: too late to send/recv, messages will be lost


###!!! [Parent][MessageChannel] Error: (msgtype=0x39014F,name=PContent::Reply_DiscardBrowsingContext) Closed channel: cannot send/recv


###!!! [Child][RunMessage] Error: Channel closing: too late to send/recv, messages will be lost


###!!! [Parent][MessageChannel] Error: (msgtype=0x39014F,name=PContent::Reply_DiscardBrowsingContext) Closed channel: cannot send/recv


###!!! [Child][RunMessage] Error: Channel closing: too late to send/recv, messages will be lost


###!!! [Child][RunMessage] Error: Channel closing: too late to send/recv, messages will be lost


###!!! [Parent][MessageChannel] Error: (msgtype=0x39014F,name=PContent::Reply_DiscardBrowsingContext) Closed channel: cannot send/recv


###!!! [Child][RunMessage] Error: Channel closing: too late to send/recv, messages will be lost


###!!! [Parent][MessageChannel] Error: (msgtype=0x39014F,name=PContent::Reply_DiscardBrowsingContext) Closed channel: cannot send/recv


###!!! [Parent][MessageChannel] Error: (msgtype=0x39014F,name=PContent::Reply_DiscardBrowsingContext) Closed channel: cannot send/recv


###!!! [Parent][MessageChannel] Error: (msgtype=0x39014F,name=PContent::Reply_DiscardBrowsingContext) Closed channel: cannot send/recv


###!!! [Parent][MessageChannel] Error: (msgtype=0x39014F,name=PContent::Reply_DiscardBrowsingContext) Closed channel: cannot send/recv


###!!! [Parent][MessageChannel] Error: (msgtype=0x39014F,name=PContent::Reply_DiscardBrowsingContext) Closed channel: cannot send/recv


###!!! [Parent][MessageChannel] Error: (msgtype=0x39014F,name=PContent::Reply_DiscardBrowsingContext) Closed channel: cannot send/recv


###!!! [Parent][MessageChannel] Error: (msgtype=0x39014F,name=PContent::Reply_DiscardBrowsingContext) Closed channel: cannot send/recv


###!!! [Parent][MessageChannel] Error: (msgtype=0x39014F,name=PContent::Reply_DiscardBrowsingContext) Closed channel: cannot send/recv


###!!! [Parent][MessageChannel] Error: (msgtype=0x39014F,name=PContent::Reply_DiscardBrowsingContext) Closed channel: cannot send/recv


###!!! [Parent][MessageChannel] Error: (msgtype=0x39014F,name=PContent::Reply_DiscardBrowsingContext) Closed channel: cannot send/recv


###!!! [Parent][MessageChannel] Error: (msgtype=0x39014F,name=PContent::Reply_DiscardBrowsingContext) Closed channel: cannot send/recv


###!!! [Parent][MessageChannel] Error: (msgtype=0x39014F,name=PContent::Reply_DiscardBrowsingContext) Closed channel: cannot send/recv


###!!! [Parent][MessageChannel] Error: (msgtype=0x39014F,name=PContent::Reply_DiscardBrowsingContext) Closed channel: cannot send/recv


###!!! [Parent][MessageChannel] Error: (msgtype=0x39014F,name=PContent::Reply_DiscardBrowsingContext) Closed channel: cannot send/recv


###!!! [Parent][MessageChannel] Error: (msgtype=0x39014F,name=PContent::Reply_DiscardBrowsingContext) Closed channel: cannot send/recv


###!!! [Parent][MessageChannel] Error: (msgtype=0x39014F,name=PContent::Reply_DiscardBrowsingContext) Closed channel: cannot send/recv


###!!! [Parent][MessageChannel] Error: (msgtype=0x39014F,name=PContent::Reply_DiscardBrowsingContext) Closed channel: cannot send/recv


###!!! [Parent][MessageChannel] Error: (msgtype=0x39014F,name=PContent::Reply_DiscardBrowsingContext) Closed channel: cannot send/recv


###!!! [Parent][MessageChannel] Error: (msgtype=0x39014F,name=PContent::Reply_DiscardBrowsingContext) Closed channel: cannot send/recv


###!!! [Parent][MessageChannel] Error: (msgtype=0x39014F,name=PContent::Reply_DiscardBrowsingContext) Closed channel: cannot send/recv


###!!! [Parent][MessageChannel] Error: (msgtype=0x39014F,name=PContent::Reply_DiscardBrowsingContext) Closed channel: cannot send/recv


###!!! [Parent][MessageChannel] Error: (msgtype=0x39014F,name=PContent::Reply_DiscardBrowsingContext) Closed channel: cannot send/recv


###!!! [Parent][MessageChannel] Error: (msgtype=0x39014F,name=PContent::Reply_DiscardBrowsingContext) Closed channel: cannot send/recv


###!!! [Parent][MessageChannel] Error: (msgtype=0x39014F,name=PContent::Reply_DiscardBrowsingContext) Closed channel: cannot send/recv


###!!! [Parent][MessageChannel] Error: (msgtype=0x39014F,name=PContent::Reply_DiscardBrowsingContext) Closed channel: cannot send/recv


###!!! [Parent][MessageChannel] Error: (msgtype=0x39014F,name=PContent::Reply_DiscardBrowsingContext) Closed channel: cannot send/recv


###!!! [Parent][MessageChannel] Error: (msgtype=0x39014F,name=PContent::Reply_DiscardBrowsingContext) Closed channel: cannot send/recv


###!!! [Parent][MessageChannel] Error: (msgtype=0x39014F,name=PContent::Reply_DiscardBrowsingContext) Closed channel: cannot send/recv


###!!! [Child][RunMessage] Error: Channel closing: too late to send/recv, messages will be lost


###!!! [Child][RunMessage] Error: Channel closing: too late to send/recv, messages will be lost


###!!! [Child][RunMessage] Error: Channel closing: too late to send/recv, messages will be lost


###!!! [Child][RunMessage] Error: Channel closing: too late to send/recv, messages will be lost


###!!! [Child][RunMessage] Error: Channel closing: too late to send/recv, messages will be lost


###!!! [Parent][MessageChannel] Error: (msgtype=0x39007A,name=PContent::Msg_DestroyBrowsingContextGroup) Closed channel: cannot send/recv


###!!! [Child][RunMessage] Error: Channel closing: too late to send/recv, messages will be lost


###!!! [Child][RunMessage] Error: Channel closing: too late to send/recv, messages will be lost


###!!! [Child][RunMessage] Error: Channel closing: too late to send/recv, messages will be lost


###!!! [Child][RunMessage] Error: Channel closing: too late to send/recv, messages will be lost


###!!! [Child][RunMessage] Error: Channel closing: too late to send/recv, messages will be lost


###!!! [Child][RunMessage] Error: Channel closing: too late to send/recv, messages will be lost


###!!! [Child][RunMessage] Error: Channel closing: too late to send/recv, messages will be lost


###!!! [Child][RunMessage] Error: Channel closing: too late to send/recv, messages will be lost


###!!! [Child][RunMessage] Error: Channel closing: too late to send/recv, messages will be lost


###!!! [Child][RunMessage] Error: Channel closing: too late to send/recv, messages will be lost


###!!! [Child][RunMessage] Error: Channel closing: too late to send/recv, messages will be lost


###!!! [Child][RunMessage] Error: Channel closing: too late to send/recv, messages will be lost


###!!! [Child][RunMessage] Error: Channel closing: too late to send/recv, messages will be lost


###!!! [Child][RunMessage] Error: Channel closing: too late to send/recv, messages will be lost


###!!! [Child][RunMessage] Error: Channel closing: too late to send/recv, messages will be lost


###!!! [Child][RunMessage] Error: Channel closing: too late to send/recv, messages will be lost


###!!! [Child][RunMessage] Error: Channel closing: too late to send/recv, messages will be lost


###!!! [Child][RunMessage] Error: Channel closing: too late to send/recv, messages will be lost


###!!! [Child][RunMessage] Error: Channel closing: too late to send/recv, messages will be lost


###!!! [Child][RunMessage] Error: Channel closing: too late to send/recv, messages will be lost


###!!! [Child][RunMessage] Error: Channel closing: too late to send/recv, messages will be lost


###!!! [Child][RunMessage] Error: Channel closing: too late to send/recv, messages will be lost


###!!! [Child][RunMessage] Error: Channel closing: too late to send/recv, messages will be lost


###!!! [Child][RunMessage] Error: Channel closing: too late to send/recv, messages will be lost


###!!! [Child][RunMessage] Error: Channel closing: too late to send/recv, messages will be lost


###!!! [Child][RunMessage] Error: Channel closing: too late to send/recv, messages will be lost


###!!! [Child][RunMessage] Error: Channel closing: too late to send/recv, messages will be lost


###!!! [Child][RunMessage] Error: Channel closing: too late to send/recv, messages will be lost


###!!! [Child][RunMessage] Error: Channel closing: too late to send/recv, messages will be lost


###!!! [Child][RunMessage] Error: Channel closing: too late to send/recv, messages will be lost


###!!! [Child][RunMessage] Error: Channel closing: too late to send/recv, messages will be lost


###!!! [Child][RunMessage] Error: Channel closing: too late to send/recv, messages will be lost


###!!! [Child][RunMessage] Error: Channel closing: too late to send/recv, messages will be lost


###!!! [Child][RunMessage] Error: Channel closing: too late to send/recv, messages will be lost


###!!! [Child][RunMessage] Error: Channel closing: too late to send/recv, messages will be lost


###!!! [Child][RunMessage] Error: Channel closing: too late to send/recv, messages will be lost


###!!! [Child][RunMessage] Error: Channel closing: too late to send/recv, messages will be lost


###!!! [Child][RunMessage] Error: Channel closing: too late to send/recv, messages will be lost


###!!! [Child][RunMessage] Error: Channel closing: too late to send/recv, messages will be lost


###!!! [Child][RunMessage] Error: Channel closing: too late to send/recv, messages will be lost


###!!! [Child][RunMessage] Error: Channel closing: too late to send/recv, messages will be lost


###!!! [Child][RunMessage] Error: Channel closing: too late to send/recv, messages will be lost


###!!! [Child][RunMessage] Error: Channel closing: too late to send/recv, messages will be lost


###!!! [Child][RunMessage] Error: Channel closing: too late to send/recv, messages will be lost


###!!! [Child][RunMessage] Error: Channel closing: too late to send/recv, messages will be lost


###!!! [Child][RunMessage] Error: Channel closing: too late to send/recv, messages will be lost


###!!! [Child][RunMessage] Error: Channel closing: too late to send/recv, messages will be lost


###!!! [Child][RunMessage] Error: Channel closing: too late to send/recv, messages will be lost


###!!! [Child][RunMessage] Error: Channel closing: too late to send/recv, messages will be lost


###!!! [Child][RunMessage] Error: Channel closing: too late to send/recv, messages will be lost


###!!! [Child][RunMessage] Error: Channel closing: too late to send/recv, messages will be lost


###!!! [Child][RunMessage] Error: Channel closing: too late to send/recv, messages will be lost


###!!! [Child][RunMessage] Error: Channel closing: too late to send/recv, messages will be lost


###!!! [Child][RunMessage] Error: Channel closing: too late to send/recv, messages will be lost


###!!! [Child][RunMessage] Error: Channel closing: too late to send/recv, messages will be lost


###!!! [Child][RunMessage] Error: Channel closing: too late to send/recv, messages will be lost


###!!! [Child][RunMessage] Error: Channel closing: too late to send/recv, messages will be lost


###!!! [Child][RunMessage] Error: Channel closing: too late to send/recv, messages will be lost


###!!! [Child][RunMessage] Error: Channel closing: too late to send/recv, messages will be lost


###!!! [Parent][RunMessage] Error: Channel closing: too late to send/recv, messages will be lost

1649936547150	geckodriver	INFO	Listening on 127.0.0.1:55826
1649936550202	mozrunner::runner	INFO	Running command: "C:\\Program Files\\Mozilla Firefox\\firefox.exe" "--marionette" "--remote-debugging-port" "55827" "--remote-allow-hosts" "localhost" "-no-remote" "-profile" "C:\\Users\\itzia\\AppData\\Local\\Temp\\rust_mozprofilel1x1YA"
1649936550509	Marionette	INFO	Marionette enabled
console.warn: SearchSettings: "get: No settings file exists, new profile?" (new NotFoundError("Could not open the file at C:\\Users\\itzia\\AppData\\Local\\Temp\\rust_mozprofilel1x1YA\\search.json.mozlz4", (void 0)))
DevTools listening on ws://localhost:55827/devtools/browser/e63f4e1a-f79b-488a-a2b5-00d72740a5fe
1649936554315	Marionette	INFO	Listening on port 55851
Read port: 55851
1649936554398	RemoteAgent	WARN	TLS certificate errors will be ignored for this session
1649936562619	Marionette	INFO	Stopped listening on port 55851
JavaScript error: https://i-invdn-com.investing.com/js/lazysizes.min.js, line 2: NS_ERROR_NOT_INITIALIZED: 
JavaScript error: , line 0: uncaught exception: undefined
1649936706629	geckodriver	INFO	Listening on 127.0.0.1:57306
1649936709689	mozrunner::runner	INFO	Running command: "C:\\Program Files\\Mozilla Firefox\\firefox.exe" "--marionette" "--remote-debugging-port" "57307" "--remote-allow-hosts" "localhost" "-no-remote" "-profile" "C:\\Users\\itzia\\AppData\\Local\\Temp\\rust_mozprofilesgjGlk"
1649936710007	Marionette	INFO	Marionette enabled
console.warn: SearchSettings: "get: No settings file exists, new profile?" (new NotFoundError("Could not open the file at C:\\Users\\itzia\\AppData\\Local\\Temp\\rust_mozprofilesgjGlk\\search.json.mozlz4", (void 0)))
DevTools listening on ws://localhost:57307/devtools/browser/7769234c-5872-471e-8830-bb8f1e9ec138
1649936713892	Marionette	INFO	Listening on port 57335
Read port: 57335
1649936713972	RemoteAgent	WARN	TLS certificate errors will be ignored for this session
JavaScript error: https://connect.facebook.net/en_US/fbevents.js, line 27: TypeError: f.queue is undefined
JavaScript warning: https://pagead2.googlesyndication.com/bg/k-Lxrj_3cR5KhrMTVpzAVOH1CgwXrUvkekFpn42ZeoQ.js line 1 > eval line 4182 > eval line 1 > eval line 1 > eval, line 1: WEBGL_debug_renderer_info is deprecated in Firefox and will be removed. Please use RENDERER.
JavaScript warning: https://pagead2.googlesyndication.com/bg/k-Lxrj_3cR5KhrMTVpzAVOH1CgwXrUvkekFpn42ZeoQ.js line 1 > eval line 6140 > eval line 1 > eval line 1 > eval, line 1: WEBGL_debug_renderer_info is deprecated in Firefox and will be removed. Please use RENDERER.
JavaScript error: , line 0: uncaught exception: 7
JavaScript error: https://eus.rubiconproject.com/usync.js, line 4: SecurityError: The operation is insecure.
[Child 15032, MediaDecoderStateMachine #1] WARNING: 1fc783024a0 Could not set cubeb stream name.: file /builds/worker/checkouts/gecko/dom/media/AudioStream.cpp:367
[Child 15032, MediaDecoderStateMachine #1] WARNING: 1fc02938e40 Could not set cubeb stream name.: file /builds/worker/checkouts/gecko/dom/media/AudioStream.cpp:367
[Child 15032, MediaDecoderStateMachine #1] WARNING: 1fc0290e200 Could not set cubeb stream name.: file /builds/worker/checkouts/gecko/dom/media/AudioStream.cpp:367
[Child 15032, MediaDecoderStateMachine #1] WARNING: 1fc029cc580 Could not set cubeb stream name.: file /builds/worker/checkouts/gecko/dom/media/AudioStream.cpp:367
[Child 15032, MediaDecoderStateMachine #1] WARNING: 1fc029ccac0 Could not set cubeb stream name.: file /builds/worker/checkouts/gecko/dom/media/AudioStream.cpp:367
[Child 15032, MediaDecoderStateMachine #1] WARNING: 1fc02f05ba0 Could not set cubeb stream name.: file /builds/worker/checkouts/gecko/dom/media/AudioStream.cpp:367
[Child 15032, MediaDecoderStateMachine #1] WARNING: 1fc03dfb580 Could not set cubeb stream name.: file /builds/worker/checkouts/gecko/dom/media/AudioStream.cpp:367
[Child 15032, MediaDecoderStateMachine #1] WARNING: 1fc7838d820 Could not set cubeb stream name.: file /builds/worker/checkouts/gecko/dom/media/AudioStream.cpp:367
JavaScript warning: https://pagead2.googlesyndication.com/bg/k-Lxrj_3cR5KhrMTVpzAVOH1CgwXrUvkekFpn42ZeoQ.js line 1 > eval line 7524 > eval line 1 > eval line 1 > eval, line 1: WEBGL_debug_renderer_info is deprecated in Firefox and will be removed. Please use RENDERER.
[Child 15032, MediaDecoderStateMachine #1] WARNING: 1fc0290ec80 Could not set cubeb stream name.: file /builds/worker/checkouts/gecko/dom/media/AudioStream.cpp:367
[Child 15032, MediaDecoderStateMachine #1] WARNING: 1fc029cc660 Could not set cubeb stream name.: file /builds/worker/checkouts/gecko/dom/media/AudioStream.cpp:367
[Child 15032, MediaDecoderStateMachine #1] WARNING: 1fc03327e40 Could not set cubeb stream name.: file /builds/worker/checkouts/gecko/dom/media/AudioStream.cpp:367
1649937018473	Marionette	INFO	Stopped listening on port 57335
console.warn: TopSitesFeed: Failed to fetch data from Contile server: NetworkError when attempting to fetch resource.
JavaScript error: , line 0: TypeError: NetworkError when attempting to fetch resource.
JavaScript error: , line 0: TypeError: NetworkError when attempting to fetch resource.
JavaScript error: , line 0: TypeError: NetworkError when attempting to fetch resource.
JavaScript error: , line 0: TypeError: NetworkError when attempting to fetch resource.
JavaScript error: , line 0: TypeError: NetworkError when attempting to fetch resource.

###!!! [Parent][MessageChannel] Error: (msgtype=0x39007A,name=PContent::Msg_DestroyBrowsingContextGroup) Closed channel: cannot send/recv

